

*******************************************************************************
Mon Mar  9 17:22:31 2020


FIT:    data read from 'salida.dat'
        format = z
        #datapoints = 25
        residuals are weighted equally (unit weight)

function used for fitting: f(x)
	f(x) = a0*x*log(x)
fitted parameters initialized with current variable values

iter      chisq       delta/lim  lambda   a0           
   0 4.6559978119e+13   0.00e+00  1.36e+06    1.000000e+00
   5 5.1147682647e-06   0.00e+00  1.36e+03    1.057402e-08

After 5 iterations the fit converged.
final sum of squares of residuals : 5.11477e-06
rel. change during last iteration : 0

degrees of freedom    (FIT_NDF)                        : 24
rms of residuals      (FIT_STDFIT) = sqrt(WSSR/ndf)    : 0.000461644
variance of residuals (reduced chisquare) = WSSR/ndf   : 2.13115e-07

Final set of parameters            Asymptotic Standard Error
=======================            ==========================
a0              = 1.0574e-08       +/- 6.766e-11    (0.6398%)


*******************************************************************************
Mon Mar  9 19:51:01 2020


FIT:    data read from 'salida.dat'
        format = z
        #datapoints = 25
        residuals are weighted equally (unit weight)

function used for fitting: f(x)
	f(x)=a0*x*log(x)+a1
fitted parameters initialized with current variable values

iter      chisq       delta/lim  lambda   a0            a1           
   0 4.6560037270e+13   0.00e+00  9.65e+05    1.000000e+00   1.000000e+00
  10 4.0307568650e-06  -1.15e-06  9.65e-05    1.030870e-08   4.176923e-04

After 10 iterations the fit converged.
final sum of squares of residuals : 4.03076e-06
rel. change during last iteration : -1.15496e-11

degrees of freedom    (FIT_NDF)                        : 23
rms of residuals      (FIT_STDFIT) = sqrt(WSSR/ndf)    : 0.000418629
variance of residuals (reduced chisquare) = WSSR/ndf   : 1.7525e-07

Final set of parameters            Asymptotic Standard Error
=======================            ==========================
a0              = 1.03087e-08      +/- 1.231e-10    (1.194%)
a1              = 0.000417692      +/- 0.0001679    (40.21%)

correlation matrix of the fit parameters:
                a0     a1     
a0              1.000 
a1             -0.867  1.000 


*******************************************************************************
Mon Mar  9 21:30:35 2020


FIT:    data read from 'salida.dat'
        format = z
        #datapoints = 25
        residuals are weighted equally (unit weight)

function used for fitting: f(x)
	f(x) = a0*x*log(x)+a1
fitted parameters initialized with current variable values

iter      chisq       delta/lim  lambda   a0            a1           
   0 4.6560037270e+13   0.00e+00  9.65e+05    1.000000e+00   1.000000e+00
  10 4.0307568650e-06  -1.15e-06  9.65e-05    1.030870e-08   4.176923e-04

After 10 iterations the fit converged.
final sum of squares of residuals : 4.03076e-06
rel. change during last iteration : -1.15496e-11

degrees of freedom    (FIT_NDF)                        : 23
rms of residuals      (FIT_STDFIT) = sqrt(WSSR/ndf)    : 0.000418629
variance of residuals (reduced chisquare) = WSSR/ndf   : 1.7525e-07

Final set of parameters            Asymptotic Standard Error
=======================            ==========================
a0              = 1.03087e-08      +/- 1.231e-10    (1.194%)
a1              = 0.000417692      +/- 0.0001679    (40.21%)

correlation matrix of the fit parameters:
                a0     a1     
a0              1.000 
a1             -0.867  1.000 
